project/cglibrary/bin/outputs/logs/manifest-merger-debug-report.txt
-- Merging decision tree log ---
manifest
ADDED from src/main/AndroidManifest.xml:1:1-11:12
INJECTED from src/main/AndroidManifest.xml:1:1-11:12
INJECTED from src/main/AndroidManifest.xml:1:1-11:12
	package
		ADDED from src/main/AndroidManifest.xml:2:11-37
		INJECTED from src/main/AndroidManifest.xml
		INJECTED from src/main/AndroidManifest.xml
	xmlns:android
		ADDED from src/main/AndroidManifest.xml:1:11-69
application
ADDED from src/main/AndroidManifest.xml:4:5-9:19
	android:supportsRtl
		ADDED from src/main/AndroidManifest.xml:6:18-44
	android:label
		ADDED from src/main/AndroidManifest.xml:5:18-50
	android:allowBackup
		ADDED from src/main/AndroidManifest.xml:4:18-44